<?xml version="1.0" encoding="UTF-8"?>
<testng-results skipped="0" failed="0" ignored="0" total="2" passed="2">
  <reporter-output>
  </reporter-output>
  <suite name="Default suite" duration-ms="21177" started-at="2021-02-13T07:28:16Z" finished-at="2021-02-13T07:28:37Z">
    <groups>
    </groups>
    <test name="Default test" duration-ms="21177" started-at="2021-02-13T07:28:16Z" finished-at="2021-02-13T07:28:37Z">
      <class name="test.GoogleSearchPageTestusingtestng">
        <test-method status="PASS" signature="setUpTest()[pri:0, instance:test.GoogleSearchPageTestusingtestng@5e3a8624]" name="setUpTest" is-config="true" duration-ms="15802" started-at="2021-02-13T07:28:16Z" finished-at="2021-02-13T07:28:31Z">
          <reporter-output>
          </reporter-output>
        </test-method> <!-- setUpTest -->
        <test-method status="PASS" signature="scrolldownTest()[pri:0, instance:test.GoogleSearchPageTestusingtestng@5e3a8624]" name="scrolldownTest" duration-ms="3482" started-at="2021-02-13T07:28:32Z" finished-at="2021-02-13T07:28:35Z">
          <reporter-output>
          </reporter-output>
        </test-method> <!-- scrolldownTest -->
        <test-method status="PASS" signature="titleTest()[pri:0, instance:test.GoogleSearchPageTestusingtestng@5e3a8624]" name="titleTest" duration-ms="1553" started-at="2021-02-13T07:28:35Z" finished-at="2021-02-13T07:28:37Z">
          <reporter-output>
          </reporter-output>
        </test-method> <!-- titleTest -->
        <test-method status="PASS" signature="tearDownTest()[pri:0, instance:test.GoogleSearchPageTestusingtestng@5e3a8624]" name="tearDownTest" is-config="true" duration-ms="0" started-at="2021-02-13T07:28:37Z" finished-at="2021-02-13T07:28:37Z">
          <reporter-output>
          </reporter-output>
        </test-method> <!-- tearDownTest -->
      </class> <!-- test.GoogleSearchPageTestusingtestng -->
    </test> <!-- Default test -->
  </suite> <!-- Default suite -->
</testng-results>
